<?xml version="1.0" encoding="UTF-8"?>
<testng-results total="1" passed="1" failed="0" skipped="0">
  <reporter-output>
  </reporter-output>
  <suite started-at="2018-08-28T02:57:49Z" name="Default suite" finished-at="2018-08-28T02:57:57Z" duration-ms="7367">
    <groups>
    </groups>
    <test started-at="2018-08-28T02:57:49Z" name="Default test" finished-at="2018-08-28T02:57:57Z" duration-ms="7367">
      <class name="fileUploadTask.SingleFileUploadTask">
        <test-method is-config="true" signature="InvokeBrowser()[pri:0, instance:fileUploadTask.SingleFileUploadTask@4fbb001b]" started-at="2018-08-27T22:57:49Z" name="InvokeBrowser" finished-at="2018-08-27T22:57:50Z" duration-ms="831" status="PASS">
          <reporter-output>
          </reporter-output>
        </test-method> <!-- InvokeBrowser -->
        <test-method signature="FileUpload()[pri:0, instance:fileUploadTask.SingleFileUploadTask@4fbb001b]" started-at="2018-08-27T22:57:50Z" name="FileUpload" finished-at="2018-08-27T22:57:54Z" duration-ms="3465" status="PASS">
          <reporter-output>
          </reporter-output>
        </test-method> <!-- FileUpload -->
        <test-method is-config="true" signature="tearDown()[pri:0, instance:fileUploadTask.SingleFileUploadTask@4fbb001b]" started-at="2018-08-27T22:57:54Z" name="tearDown" finished-at="2018-08-27T22:57:57Z" duration-ms="3048" status="PASS">
          <reporter-output>
          </reporter-output>
        </test-method> <!-- tearDown -->
      </class> <!-- fileUploadTask.SingleFileUploadTask -->
    </test> <!-- Default test -->
  </suite> <!-- Default suite -->
</testng-results>
